[debug] [2019-04-13T02:34:22.120Z] ----------------------------------------------------------------------
[debug] [2019-04-13T02:34:22.120Z] Command:       C:\Program Files\nodejs\node.exe C:\Users\lucie\AppData\Roaming\npm\node_modules\firebase-tools\lib\bin\firebase.js deploy
[debug] [2019-04-13T02:34:22.136Z] CLI Version:   6.5.0
[debug] [2019-04-13T02:34:22.136Z] Platform:      win32
[debug] [2019-04-13T02:34:22.136Z] Node Version:  v8.11.3
[debug] [2019-04-13T02:34:22.136Z] Time:          Sat Apr 13 2019 09:34:22 GMT+0700 (SE Asia Standard Time)
[debug] [2019-04-13T02:34:22.136Z] ----------------------------------------------------------------------
[debug] 
[debug] [2019-04-13T02:34:22.221Z] > command requires scopes: ["email","openid","https://www.googleapis.com/auth/cloudplatformprojects.readonly","https://www.googleapis.com/auth/firebase","https://www.googleapis.com/auth/cloud-platform"]
[debug] [2019-04-13T02:34:22.236Z] > authorizing via signed-in user
[debug] [2019-04-13T02:34:22.236Z] [iam] checking project phuongbinh-2019 for permissions ["cloudfunctions.functions.create","cloudfunctions.functions.delete","cloudfunctions.functions.get","cloudfunctions.functions.list","cloudfunctions.functions.update","cloudfunctions.operations.get","firebase.projects.get","firebasehosting.sites.update"]
[debug] [2019-04-13T02:34:22.236Z] > refreshing access token with scopes: ["email","https://www.googleapis.com/auth/cloud-platform","https://www.googleapis.com/auth/cloudplatformprojects.readonly","https://www.googleapis.com/auth/firebase","openid"]
[debug] [2019-04-13T02:34:22.236Z] >>> HTTP REQUEST POST https://www.googleapis.com/oauth2/v3/token  
 <request body omitted>
[debug] [2019-04-13T02:34:22.723Z] <<< HTTP RESPONSE 200
[debug] [2019-04-13T02:34:22.783Z] >>> HTTP REQUEST POST https://cloudresourcemanager.googleapis.com/v1/projects/phuongbinh-2019:testIamPermissions  

[debug] [2019-04-13T02:34:23.970Z] <<< HTTP RESPONSE 200
[debug] [2019-04-13T02:34:23.974Z] >>> HTTP REQUEST GET https://firebase.googleapis.com/v1beta1/projects/phuongbinh-2019  
 
[debug] [2019-04-13T02:34:24.752Z] <<< HTTP RESPONSE 200
[warn] !  functions: package.json indicates an outdated version of firebase-functions.
 Please upgrade using npm install --save firebase-functions@latest in your functions directory.
[info] 
[info] === Deploying to 'phuongbinh-2019'...
[info] 
[info] i  deploying functions, hosting
[debug] [2019-04-13T02:34:49.450Z] > [functions] package.json contents: {
  "name": "functions",
  "description": "Cloud Functions for Firebase",
  "scripts": {
    "serve": "firebase serve --only functions",
    "shell": "firebase functions:shell",
    "start": "npm run shell",
    "deploy": "firebase deploy --only functions",
    "logs": "firebase functions:log"
  },
  "dependencies": {
    "firebase-admin": "~5.12.0",
    "firebase-functions": "^1.0.1",
    "nodemailer": "^4.0.1",
    "express": "^4.16.4"
  },
  "private": true
}
[info] i  functions: ensuring necessary APIs are enabled...
[debug] [2019-04-13T02:34:49.450Z] >>> HTTP REQUEST GET https://servicemanagement.googleapis.com/v1/services/cloudfunctions.googleapis.com/projectSettings/phuongbinh-2019?view=CONSUMER_VIEW  
 
[debug] [2019-04-13T02:34:49.450Z] >>> HTTP REQUEST GET https://servicemanagement.googleapis.com/v1/services/runtimeconfig.googleapis.com/projectSettings/phuongbinh-2019?view=CONSUMER_VIEW  
 
[debug] [2019-04-13T02:34:51.324Z] <<< HTTP RESPONSE 200
[debug] [2019-04-13T02:34:51.488Z] <<< HTTP RESPONSE 200
[info] +  functions: all necessary APIs are enabled
[debug] [2019-04-13T02:34:51.488Z] >>> HTTP REQUEST GET https://cloudresourcemanager.googleapis.com/v1/projects/phuongbinh-2019  
 
[debug] [2019-04-13T02:34:52.600Z] <<< HTTP RESPONSE 200
[debug] [2019-04-13T02:34:52.600Z] >>> HTTP REQUEST GET https://mobilesdk-pa.googleapis.com/v1/projects/982569276887:getServerAppConfig  
 
[debug] [2019-04-13T02:34:53.060Z] <<< HTTP RESPONSE 200
[debug] [2019-04-13T02:34:53.060Z] >>> HTTP REQUEST POST https://firebasehosting.googleapis.com/v1beta1/sites/phuongbinh-2019/versions  

[debug] [2019-04-13T02:34:55.366Z] <<< HTTP RESPONSE 200
[info] i  functions: preparing functions directory for uploading...
[debug] [2019-04-13T02:34:55.381Z] >>> HTTP REQUEST GET https://runtimeconfig.googleapis.com/v1beta1/projects/phuongbinh-2019/configs  
 
[debug] [2019-04-13T02:34:55.835Z] <<< HTTP RESPONSE 200
[info] i  functions: packaged functions (27.24 MB) for uploading
[debug] [2019-04-13T02:35:08.356Z] >>> HTTP REQUEST POST https://cloudfunctions.googleapis.com/v1/projects/phuongbinh-2019/locations/us-central1/functions:generateUploadUrl  
 
[debug] [2019-04-13T02:35:09.030Z] <<< HTTP RESPONSE 200
[debug] [2019-04-13T02:35:09.030Z] >>> HTTP REQUEST PUT https://storage.googleapis.com/gcf-upload-us-central1-69e78c2f-7d8a-4529-ad5c-6ed5cbb51418/e63cfa9e-6620-47cb-8355-3bc39affd640.zip?GoogleAccessId=service-982569276887@gcf-admin-robot.iam.gserviceaccount.com&Expires=1555124709&Signature=TWH7CvmfvxM%2BwfSVK0McvXKJW9DGLOQ7J%2BZNQ1uJbAFwW9Q5IiFxsJEZdKQRr%2F3woB5urlpYvxaLxplkcl6D1pKI34gZnl3AItMtUjiIAtfZyKRnEKzBDRix6LL%2B7Fn%2F%2BpaXCkxo9WtOunn4Rig1ouo3eBUleKhuj5m7deA9p9IHGfJB9mI8rpvKjrgQrTbQyYq0%2BafmcSvhGblgAeQlZexjyLFTV2wKN55VdGQBTx6YLfPWm5h%2FPd9YHgf%2BOAiJRnl3H9qMKiY9FjuKCBB0YNvMPIX%2FUGng93eOdvnqLZ91jEaIMRQw1WvRrE6ld0%2FEjdibA8rLNE5BbPpHeItHbQ%3D%3D  

[debug] [2019-04-13T02:35:21.115Z] <<< HTTP RESPONSE 200
[info] +  functions: functions folder uploaded successfully
[info] i  hosting[phuongbinh-2019]: beginning deploy...
[info] i  hosting[phuongbinh-2019]: found 105 files in functions/dist/browser
[debug] [2019-04-13T02:35:21.173Z] [hosting] hash cache [ZnVuY3Rpb25zXGRpc3RcYnJvd3Nlcg] not populated
[debug] [2019-04-13T02:35:22.257Z] [hosting] hash cache [ZnVuY3Rpb25zXGRpc3RcYnJvd3Nlcg] stored for 105 files
[debug] [2019-04-13T02:35:22.258Z] [hosting][hash queue][FINAL]
[debug] [2019-04-13T02:35:22.259Z] >>> HTTP REQUEST POST https://firebasehosting.googleapis.com/v1beta1/sites/phuongbinh-2019/versions/9a263c78f4063524:populateFiles  
 <request body omitted>
